{"C:\\Users\\Chandan Gupta\\Documents\\AKSHAY SAINI REACT\\sum.js": {"path":"C:\\Users\\Chandan Gupta\\Documents\\AKSHAY SAINI REACT\\sum.js","statementMap":{"0":{"start":{"line":2,"column":4},"end":{"line":2,"column":15}}},"fnMap":{"0":{"name":"sum","decl":{"start":{"line":1,"column":16},"end":{"line":1,"column":19}},"loc":{"start":{"line":1,"column":25},"end":{"line":3,"column":1}},"line":1}},"branchMap":{},"s":{"0":1},"f":{"0":1},"b":{},"_coverageSchema":"1a1c01bbd47fc00a2c39e90264f33305004495a9","hash":"e0fff92ee140a69094a1ff502f0c17c04bb1c8c2"}
}
